Symbol range map extraction starting
Processing 38 files
processing gloomyfolken\hooklib\asm\AsmHook.java
processing gloomyfolken\hooklib\asm\ClassMetadataReader.java
processing gloomyfolken\hooklib\asm\Hook.java
processing gloomyfolken\hooklib\asm\HookClassTransformer.java
processing gloomyfolken\hooklib\asm\HookContainerParser.java
processing gloomyfolken\hooklib\asm\HookInjectorClassVisitor.java
processing gloomyfolken\hooklib\asm\HookInjectorFactory.java
processing gloomyfolken\hooklib\asm\HookInjectorMethodVisitor.java
processing gloomyfolken\hooklib\asm\HookLogger.java
processing gloomyfolken\hooklib\asm\HookPriority.java
processing gloomyfolken\hooklib\asm\ReadClassHelper.java
processing gloomyfolken\hooklib\asm\ReturnCondition.java
processing gloomyfolken\hooklib\asm\ReturnValue.java
processing gloomyfolken\hooklib\asm\SafeClassWriter.java
processing gloomyfolken\hooklib\asm\TypeHelper.java
processing gloomyfolken\hooklib\asm\VariableIdHelper.java
processing gloomyfolken\hooklib\disk\DiskHookLib.java
processing gloomyfolken\hooklib\example\AnnotationHooks.java
processing gloomyfolken\hooklib\example\ExampleHookLoader.java
processing gloomyfolken\hooklib\helper\DictionaryGenerator.java
processing gloomyfolken\hooklib\minecraft\DeobfuscationMetadataReader.java
processing gloomyfolken\hooklib\minecraft\HookLibPlugin.java
processing gloomyfolken\hooklib\minecraft\HookLoader.java
processing gloomyfolken\hooklib\minecraft\MinecraftClassTransformer.java
processing gloomyfolken\hooklib\minecraft\PrimaryClassTransformer.java
processing gloomyfolken\hooklib\minecraft\SecondaryTransformerHook.java
processing org\tlauncher\skin\cape\TLSkinCape.java
processing org\tlauncher\skin\cape\asm\TLSkinCapeHookLoader.java
processing org\tlauncher\skin\cape\asm\TLSkinCapeHooks.java
processing org\tlauncher\skin\cape\model\DynamicTexture.java
processing org\tlauncher\skin\cape\model\MinecraftProfileTextureDTO.java
processing org\tlauncher\skin\cape\model\PreparedTextureData.java
processing org\tlauncher\skin\cape\model\ProfileTexture.java
processing org\tlauncher\skin\cape\model\State.java
processing org\tlauncher\skin\cape\renderer\TextureManager.java
processing org\tlauncher\skin\cape\renderer\texture\FramedTexture.java
processing org\tlauncher\skin\cape\util\PreparedProfileManager.java
processing org\tlauncher\skin\cape\util\TextureUtils.java
